<?xml version="1.0" encoding="UTF-8"?>
<!-- Generated by org.testng.reporters.JUnitReportReporter -->
<testsuite hostname="DESKTOP-OVVO66B" failures="0" tests="1" name="google.gle.test_google" time="28.441" errors="0" timestamp="2022-09-14T18:18:55 IST" skipped="0">
  <testcase classname="google.gle.test_google" name="open_google" time="28.441"/>
  <system-out/>
</testsuite> <!-- google.gle.test_google -->
